{"/Users/tom/Documents/projects/galaxy_calc/parsers/currency.js": {"path":"/Users/tom/Documents/projects/galaxy_calc/parsers/currency.js","statementMap":{"0":{"start":{"line":1,"column":15},"end":{"line":1,"column":53}},"1":{"start":{"line":2,"column":16},"end":{"line":2,"column":40}},"2":{"start":{"line":4,"column":26},"end":{"line":9,"column":1}},"3":{"start":{"line":11,"column":23},"end":{"line":15,"column":1}},"4":{"start":{"line":17,"column":31},"end":{"line":32,"column":1}},"5":{"start":{"line":18,"column":15},"end":{"line":18,"column":17}},"6":{"start":{"line":20,"column":20},"end":{"line":20,"column":44}},"7":{"start":{"line":22,"column":2},"end":{"line":29,"column":3}},"8":{"start":{"line":23,"column":4},"end":{"line":23,"column":52}},"9":{"start":{"line":23,"column":45},"end":{"line":23,"column":52}},"10":{"start":{"line":24,"column":4},"end":{"line":27,"column":5}},"11":{"start":{"line":25,"column":6},"end":{"line":25,"column":20}},"12":{"start":{"line":26,"column":6},"end":{"line":26,"column":15}},"13":{"start":{"line":28,"column":4},"end":{"line":28,"column":31}},"14":{"start":{"line":31,"column":2},"end":{"line":31,"column":35}},"15":{"start":{"line":34,"column":25},"end":{"line":44,"column":1}},"16":{"start":{"line":35,"column":15},"end":{"line":35,"column":16}},"17":{"start":{"line":36,"column":2},"end":{"line":41,"column":3}},"18":{"start":{"line":37,"column":4},"end":{"line":40,"column":5}},"19":{"start":{"line":38,"column":6},"end":{"line":38,"column":27}},"20":{"start":{"line":39,"column":6},"end":{"line":39,"column":43}},"21":{"start":{"line":43,"column":2},"end":{"line":43,"column":110}}},"fnMap":{"0":{"name":"(anonymous_0)","decl":{"start":{"line":17,"column":31},"end":{"line":17,"column":32}},"loc":{"start":{"line":17,"column":48},"end":{"line":32,"column":1}},"line":17},"1":{"name":"(anonymous_1)","decl":{"start":{"line":34,"column":25},"end":{"line":34,"column":26}},"loc":{"start":{"line":34,"column":44},"end":{"line":44,"column":1}},"line":34}},"branchMap":{"0":{"loc":{"start":{"line":23,"column":4},"end":{"line":23,"column":52}},"type":"if","locations":[{"start":{"line":23,"column":4},"end":{"line":23,"column":52}},{"start":{"line":23,"column":4},"end":{"line":23,"column":52}}],"line":23},"1":{"loc":{"start":{"line":23,"column":8},"end":{"line":23,"column":43}},"type":"binary-expr","locations":[{"start":{"line":23,"column":8},"end":{"line":23,"column":25}},{"start":{"line":23,"column":29},"end":{"line":23,"column":43}}],"line":23},"2":{"loc":{"start":{"line":24,"column":4},"end":{"line":27,"column":5}},"type":"if","locations":[{"start":{"line":24,"column":4},"end":{"line":27,"column":5}},{"start":{"line":24,"column":4},"end":{"line":27,"column":5}}],"line":24},"3":{"loc":{"start":{"line":43,"column":20},"end":{"line":43,"column":107}},"type":"cond-expr","locations":[{"start":{"line":43,"column":38},"end":{"line":43,"column":86}},{"start":{"line":43,"column":89},"end":{"line":43,"column":107}}],"line":43}},"s":{"0":1,"1":1,"2":1,"3":1,"4":1,"5":5,"6":5,"7":5,"8":15,"9":1,"10":14,"11":3,"12":3,"13":11,"14":4,"15":1,"16":4,"17":4,"18":32,"19":8,"20":8,"21":4},"f":{"0":5,"1":4},"b":{"0":[1,14],"1":[15,4],"2":[3,11],"3":[3,1]},"_coverageSchema":"332fd63041d2c1bcb487cc26dd0d5f7d97098a6c","hash":"2c25cf98a2dc6b32ab824f183f998a8db8cbcf61"}
}
